<?xml version="1.0" encoding="UTF-8"?>
<testsuite xmlns:xsi="http://www.w3.org/2001/XMLSchema-instance" xsi:noNamespaceSchemaLocation="https://maven.apache.org/surefire/maven-surefire-plugin/xsd/surefire-test-report.xsd" name="com.zerobank.runners.CukesRunner" time="463.738" tests="33" errors="0" skipped="0" failures="0">
  <properties>
[...]
</properties>
  <testcase name="Account Activity title" classname="Account Activity Page" time="19.308"/>
  <testcase name="Account dropdown option default value" classname="Account Activity Page" time="11.773"/>
  <testcase name="Account drop down options" classname="Account Activity Page" time="12.544"/>
  <testcase name="Transactions table columns" classname="Account Activity Page" time="11.496"/>
  <testcase name="Savings account redirect" classname="Navigating to specific accounts in Accounts Activity" time="13.794"/>
  <testcase name="Brokerage account redirect" classname="Navigating to specific accounts in Accounts Activity" time="13.569"/>
  <testcase name="Checking account redirect" classname="Navigating to specific accounts in Accounts Activity" time="15.733"/>
  <testcase name="Credit Card account redirect" classname="Navigating to specific accounts in Accounts Activity" time="13.623"/>
  <testcase name="Loan account redirect" classname="Navigating to specific accounts in Accounts Activity" time="13.48"/>
  <testcase name="Account Summary title" classname="Account Summary Page" time="11.899"/>
  <testcase name="Account types" classname="Account Summary Page" time="12.666"/>
  <testcase name="Credit Accounts table columns" classname="Account Summary Page" time="9.886"/>
  <testcase name="Add a new payee" classname="Add new payee under pay bills" time="16.007"/>
  <testcase name="Search date range" classname="Find Transactions in Account Activity" time="19.288"/>
  <testcase name="Search description" classname="Find Transactions in Account Activity" time="17.686"/>
  <testcase name="Search description case insensitive" classname="Find Transactions in Account Activity" time="20.581"/>
  <testcase name="Type" classname="Find Transactions in Account Activity" time="21.191"/>
  <testcase name="Login with valid credentials" classname="Login with different scenarios" time="10.793"/>
  <testcase name="Login with invalid credentials" classname="Login with different scenarios" time="6.717"/>
  <testcase name="Login with invalid credentials" classname="Login with different scenarios" time="6.961"/>
  <testcase name="Login with invalid credentials" classname="Login with different scenarios" time="7.101"/>
  <testcase name="Login with invalid credentials" classname="Login with different scenarios" time="7.4"/>
  <testcase name="Login with invalid credentials" classname="Login with different scenarios" time="8.175"/>
  <testcase name="Login with invalid credentials" classname="Login with different scenarios" time="7.579"/>
  <testcase name="Pay Bills title" classname="Pay Bills Page" time="11.791"/>
  <testcase name="Successful Pay operation" classname="Pay Bills Page" time="19.864"/>
  <testcase name="Unsuccessful Pay operation without amount" classname="Pay Bills Page" time="12.333"/>
  <testcase name="Unsuccessful Pay operation without date" classname="Pay Bills Page" time="14.674"/>
  <testcase name="Unsuccessful Pay operation invalid amount" classname="Pay Bills Page" time="28.486"/>
  <testcase name="Unsuccessful Pay operation invalid date" classname="Pay Bills Page" time="26.098"/>
  <testcase name="Available currencies" classname="Purchase Foreign Currency" time="13.408"/>
  <testcase name="Error message for not selecting currency" classname="Purchase Foreign Currency" time="12.384"/>
  <testcase name="Error message for not entering value" classname="Purchase Foreign Currency" time="12.709"/>
</testsuite>